# JRE version: Java(TM) SE Runtime Environment (20.0+36) (build 20+36-2344)
# Java VM: Java HotSpot(TM) 64-Bit Server VM (20+36-2344, mixed mode, sharing, tiered, compressed oops, compressed class ptrs, g1 gc, windows-amd64)
GC Precious Log:
 CardTable entry size: 512
 Card Set container configuration: InlinePtr #cards 4 size 8 Array Of Cards #cards 16 size 48 Howl #buckets 8 coarsen threshold 3686 Howl Bitmap #cards 512 size 80 coarsen threshold 460 Card regions per heap region 1 cards per card region 4096
 CPUs: 8 total, 8 available
 Memory: 16064M
 Large Page Support: Disabled
 NUMA Support: Disabled
 Compressed Oops: Enabled (Zero based)
 Heap Region Size: 2M
 Heap Min Capacity: 8M
 Heap Initial Capacity: 252M
 Heap Max Capacity: 4018M
 Pre-touch: Disabled
 Parallel Workers: 8
 Concurrent Workers: 2
 Concurrent Refinement Workers: 8
 Periodic GC: Disabled
Heap:
 garbage-first heap   total 96256K, used 53988K [0x0000000704e00000, 0x0000000800000000)
  region size 2048K, 2 young (4096K), 1 survivors (2048K)
 Metaspace       used 70565K, committed 71296K, reserved 1114112K
  class space    used 9075K, committed 9408K, reserved 1048576K
GC Heap History (20 events):
Event: 4.088 GC heap before
{Heap before GC invocations=13 (full 0):
 garbage-first heap   total 75776K, used 62290K [0x0000000704e00000, 0x0000000800000000)
  region size 2048K, 22 young (45056K), 2 survivors (4096K)
 Metaspace       used 52187K, committed 52736K, reserved 1114112K
  class space    used 6782K, committed 7040K, reserved 1048576K
}
Event: 4.091 GC heap after
{Heap after GC invocations=14 (full 0):
 garbage-first heap   total 75776K, used 21860K [0x0000000704e00000, 0x0000000800000000)
  region size 2048K, 2 young (4096K), 2 survivors (4096K)
 Metaspace       used 52187K, committed 52736K, reserved 1114112K
  class space    used 6782K, committed 7040K, reserved 1048576K
}
Event: 4.462 GC heap before
{Heap before GC invocations=14 (full 0):
 garbage-first heap   total 75776K, used 62820K [0x0000000704e00000, 0x0000000800000000)
  region size 2048K, 22 young (45056K), 2 survivors (4096K)
 Metaspace       used 56128K, committed 56640K, reserved 1114112K
  class space    used 7303K, committed 7552K, reserved 1048576K
}
Event: 4.465 GC heap after
{Heap after GC invocations=15 (full 0):
 garbage-first heap   total 92160K, used 23223K [0x0000000704e00000, 0x0000000800000000)
  region size 2048K, 3 young (6144K), 3 survivors (6144K)
 Metaspace       used 56128K, committed 56640K, reserved 1114112K
  class space    used 7303K, committed 7552K, reserved 1048576K
}
Event: 4.692 GC heap before
{Heap before GC invocations=15 (full 0):
 garbage-first heap   total 92160K, used 45751K [0x0000000704e00000, 0x0000000800000000)
  region size 2048K, 15 young (30720K), 3 survivors (6144K)
 Metaspace       used 59685K, committed 60160K, reserved 1114112K
  class space    used 7723K, committed 7936K, reserved 1048576K
}
Event: 4.696 GC heap after
{Heap after GC invocations=16 (full 0):
 garbage-first heap   total 92160K, used 24544K [0x0000000704e00000, 0x0000000800000000)
  region size 2048K, 3 young (6144K), 3 survivors (6144K)
 Metaspace       used 59685K, committed 60160K, reserved 1114112K
  class space    used 7723K, committed 7936K, reserved 1048576K
}
Event: 5.171 GC heap before
{Heap before GC invocations=17 (full 0):
 garbage-first heap   total 92160K, used 73696K [0x0000000704e00000, 0x0000000800000000)
  region size 2048K, 27 young (55296K), 3 survivors (6144K)
 Metaspace       used 63086K, committed 63680K, reserved 1114112K
  class space    used 8193K, committed 8448K, reserved 1048576K
}
Event: 5.175 GC heap after
{Heap after GC invocations=18 (full 0):
 garbage-first heap   total 92160K, used 27366K [0x0000000704e00000, 0x0000000800000000)
  region size 2048K, 4 young (8192K), 4 survivors (8192K)
 Metaspace       used 63086K, committed 63680K, reserved 1114112K
  class space    used 8193K, committed 8448K, reserved 1048576K
}
Event: 5.501 GC heap before
{Heap before GC invocations=18 (full 0):
 garbage-first heap   total 92160K, used 72422K [0x0000000704e00000, 0x0000000800000000)
  region size 2048K, 27 young (55296K), 4 survivors (8192K)
 Metaspace       used 64946K, committed 65600K, reserved 1114112K
  class space    used 8390K, committed 8704K, reserved 1048576K
}
Event: 5.509 GC heap after
{Heap after GC invocations=19 (full 0):
 garbage-first heap   total 92160K, used 34081K [0x0000000704e00000, 0x0000000800000000)
  region size 2048K, 4 young (8192K), 4 survivors (8192K)
 Metaspace       used 64946K, committed 65600K, reserved 1114112K
  class space    used 8390K, committed 8704K, reserved 1048576K
}
Event: 5.678 GC heap before
{Heap before GC invocations=19 (full 0):
 garbage-first heap   total 92160K, used 75041K [0x0000000704e00000, 0x0000000800000000)
  region size 2048K, 25 young (51200K), 4 survivors (8192K)
 Metaspace       used 65190K, committed 65856K, reserved 1114112K
  class space    used 8405K, committed 8704K, reserved 1048576K
}
Event: 5.684 GC heap after
{Heap after GC invocations=20 (full 0):
 garbage-first heap   total 92160K, used 40322K [0x0000000704e00000, 0x0000000800000000)
  region size 2048K, 4 young (8192K), 4 survivors (8192K)
 Metaspace       used 65190K, committed 65856K, reserved 1114112K
  class space    used 8405K, committed 8704K, reserved 1048576K
}
Event: 5.792 GC heap before
{Heap before GC invocations=20 (full 0):
 garbage-first heap   total 92160K, used 75138K [0x0000000704e00000, 0x0000000800000000)
  region size 2048K, 22 young (45056K), 4 survivors (8192K)
 Metaspace       used 65279K, committed 65984K, reserved 1114112K
  class space    used 8410K, committed 8704K, reserved 1048576K
}
Event: 5.795 GC heap after
{Heap after GC invocations=21 (full 0):
 garbage-first heap   total 92160K, used 40001K [0x0000000704e00000, 0x0000000800000000)
  region size 2048K, 3 young (6144K), 3 survivors (6144K)
 Metaspace       used 65279K, committed 65984K, reserved 1114112K
  class space    used 8410K, committed 8704K, reserved 1048576K
}
Event: 5.948 GC heap before
{Heap before GC invocations=22 (full 0):
 garbage-first heap   total 92160K, used 74817K [0x0000000704e00000, 0x0000000800000000)
  region size 2048K, 21 young (43008K), 3 survivors (6144K)
 Metaspace       used 65352K, committed 65984K, reserved 1114112K
  class space    used 8410K, committed 8704K, reserved 1048576K
}
Event: 5.955 GC heap after
{Heap after GC invocations=23 (full 0):
 garbage-first heap   total 94208K, used 49264K [0x0000000704e00000, 0x0000000800000000)
  region size 2048K, 3 young (6144K), 3 survivors (6144K)
 Metaspace       used 65352K, committed 65984K, reserved 1114112K
  class space    used 8410K, committed 8704K, reserved 1048576K
}
Event: 10.718 GC heap before
{Heap before GC invocations=23 (full 0):
 garbage-first heap   total 94208K, used 77936K [0x0000000704e00000, 0x0000000800000000)
  region size 2048K, 17 young (34816K), 3 survivors (6144K)
 Metaspace       used 67851K, committed 68608K, reserved 1114112K
  class space    used 8712K, committed 9088K, reserved 1048576K
}
Event: 10.727 GC heap after
{Heap after GC invocations=24 (full 0):
 garbage-first heap   total 94208K, used 53150K [0x0000000704e00000, 0x0000000800000000)
  region size 2048K, 3 young (6144K), 3 survivors (6144K)
 Metaspace       used 67851K, committed 68608K, reserved 1114112K
  class space    used 8712K, committed 9088K, reserved 1048576K
}
Event: 312.126 GC heap before
{Heap before GC invocations=24 (full 0):
 garbage-first heap   total 94208K, used 75678K [0x0000000704e00000, 0x0000000800000000)
  region size 2048K, 15 young (30720K), 3 survivors (6144K)
 Metaspace       used 70471K, committed 71232K, reserved 1114112K
  class space    used 9068K, committed 9408K, reserved 1048576K
}
Event: 312.130 GC heap after
{Heap after GC invocations=25 (full 0):
 garbage-first heap   total 94208K, used 53988K [0x0000000704e00000, 0x0000000800000000)
  region size 2048K, 1 young (2048K), 1 survivors (2048K)
 Metaspace       used 70471K, committed 71232K, reserved 1114112K
  class space    used 9068K, committed 9408K, reserved 1048576K
}

